2012-04-04 20:03:03,711 [1] DEBUG Server.LogCoordinator - Push Provider Setup..\..\cert.p12 pw : tangible.idea

2012-04-04 20:03:03,735 [1] DEBUG Server.LogCoordinator - Push Provider Setup Complete.

2012-04-04 20:08:03,970 [7] DEBUG Server.LogCoordinator - =====하루중 1번째 타이머 도달했습니다.=====
2012-04-04 20:08:18,848 [7] DEBUG Server.LogCoordinator - >더 이상 온라인 멘토가 없군... 그러면 상태를 다시 한번 확인해보자
2012-04-04 20:08:18,848 [7] DEBUG Server.LogCoordinator - =====타이머가 할일이 끝났다. 다음 타이머를 기다리자=====
2012-04-04 20:13:03,950 [16] DEBUG Server.LogCoordinator - =====하루중 2번째 타이머 도달했습니다.=====
2012-04-04 20:13:18,214 [16] DEBUG Server.LogCoordinator - >더 이상 온라인 멘토가 없군... 그러면 상태를 다시 한번 확인해보자
2012-04-04 20:13:18,214 [16] DEBUG Server.LogCoordinator - =====타이머가 할일이 끝났다. 다음 타이머를 기다리자=====
2012-04-04 20:18:03,952 [26] DEBUG Server.LogCoordinator - =====하루중 3번째 타이머 도달했습니다.=====
2012-04-04 20:18:18,295 [26] DEBUG Server.LogCoordinator - >더 이상 온라인 멘토가 없군... 그러면 상태를 다시 한번 확인해보자
2012-04-04 20:18:18,295 [26] DEBUG Server.LogCoordinator - =====타이머가 할일이 끝났다. 다음 타이머를 기다리자=====
2012-04-04 20:23:03,931 [36] DEBUG Server.LogCoordinator - =====하루중 4번째 타이머 도달했습니다.=====
2012-04-04 20:23:18,274 [36] DEBUG Server.LogCoordinator - >더 이상 온라인 멘토가 없군... 그러면 상태를 다시 한번 확인해보자
2012-04-04 20:23:18,274 [36] DEBUG Server.LogCoordinator - =====타이머가 할일이 끝났다. 다음 타이머를 기다리자=====
2012-04-04 20:28:03,907 [46] DEBUG Server.LogCoordinator - =====하루중 5번째 타이머 도달했습니다.=====
2012-04-04 20:28:18,249 [46] DEBUG Server.LogCoordinator - >더 이상 온라인 멘토가 없군... 그러면 상태를 다시 한번 확인해보자
2012-04-04 20:28:18,249 [46] DEBUG Server.LogCoordinator - =====타이머가 할일이 끝났다. 다음 타이머를 기다리자=====
2012-04-04 20:33:03,880 [56] DEBUG Server.LogCoordinator - =====하루중 6번째 타이머 도달했습니다.=====
2012-04-04 20:33:18,223 [56] DEBUG Server.LogCoordinator - >더 이상 온라인 멘토가 없군... 그러면 상태를 다시 한번 확인해보자
2012-04-04 20:33:18,223 [56] DEBUG Server.LogCoordinator - =====타이머가 할일이 끝났다. 다음 타이머를 기다리자=====
2012-04-04 20:38:03,851 [66] DEBUG Server.LogCoordinator - =====하루중 7번째 타이머 도달했습니다.=====
2012-04-04 20:38:18,194 [66] DEBUG Server.LogCoordinator - >더 이상 온라인 멘토가 없군... 그러면 상태를 다시 한번 확인해보자
2012-04-04 20:38:18,194 [66] DEBUG Server.LogCoordinator - =====타이머가 할일이 끝났다. 다음 타이머를 기다리자=====
2012-04-04 20:43:03,820 [70] DEBUG Server.LogCoordinator - =====하루중 8번째 타이머 도달했습니다.=====
2012-04-04 20:43:18,162 [70] DEBUG Server.LogCoordinator - >더 이상 온라인 멘토가 없군... 그러면 상태를 다시 한번 확인해보자
2012-04-04 20:43:18,162 [70] DEBUG Server.LogCoordinator - =====타이머가 할일이 끝났다. 다음 타이머를 기다리자=====
2012-04-04 20:48:03,787 [60] DEBUG Server.LogCoordinator - =====하루중 9번째 타이머 도달했습니다.=====
2012-04-04 20:48:18,129 [60] DEBUG Server.LogCoordinator - >더 이상 온라인 멘토가 없군... 그러면 상태를 다시 한번 확인해보자
2012-04-04 20:48:18,129 [60] DEBUG Server.LogCoordinator - =====타이머가 할일이 끝났다. 다음 타이머를 기다리자=====
2012-04-04 20:53:03,751 [50] DEBUG Server.LogCoordinator - =====하루중 10번째 타이머 도달했습니다.=====
2012-04-04 20:53:18,093 [50] DEBUG Server.LogCoordinator - >더 이상 온라인 멘토가 없군... 그러면 상태를 다시 한번 확인해보자
2012-04-04 20:53:18,093 [50] DEBUG Server.LogCoordinator - =====타이머가 할일이 끝났다. 다음 타이머를 기다리자=====
2012-04-04 20:58:03,714 [40] DEBUG Server.LogCoordinator - =====하루중 11번째 타이머 도달했습니다.=====
2012-04-04 20:58:18,056 [40] DEBUG Server.LogCoordinator - >더 이상 온라인 멘토가 없군... 그러면 상태를 다시 한번 확인해보자
2012-04-04 20:58:18,056 [40] DEBUG Server.LogCoordinator - =====타이머가 할일이 끝났다. 다음 타이머를 기다리자=====
2012-04-04 21:03:03,675 [30] DEBUG Server.LogCoordinator - =====하루중 12번째 타이머 도달했습니다.=====
2012-04-04 21:03:18,017 [30] DEBUG Server.LogCoordinator - >더 이상 온라인 멘토가 없군... 그러면 상태를 다시 한번 확인해보자
2012-04-04 21:03:18,017 [30] DEBUG Server.LogCoordinator - =====타이머가 할일이 끝났다. 다음 타이머를 기다리자=====
2012-04-04 21:08:03,634 [20] DEBUG Server.LogCoordinator - =====하루중 13번째 타이머 도달했습니다.=====
2012-04-04 21:08:17,976 [20] DEBUG Server.LogCoordinator - >더 이상 온라인 멘토가 없군... 그러면 상태를 다시 한번 확인해보자
2012-04-04 21:08:17,976 [20] DEBUG Server.LogCoordinator - =====타이머가 할일이 끝났다. 다음 타이머를 기다리자=====
2012-04-04 21:13:03,592 [10] DEBUG Server.LogCoordinator - =====하루중 14번째 타이머 도달했습니다.=====
2012-04-04 21:13:17,933 [10] DEBUG Server.LogCoordinator - >더 이상 온라인 멘토가 없군... 그러면 상태를 다시 한번 확인해보자
2012-04-04 21:13:17,933 [10] DEBUG Server.LogCoordinator - =====타이머가 할일이 끝났다. 다음 타이머를 기다리자=====
2012-04-04 21:18:03,548 [78] DEBUG Server.LogCoordinator - =====하루중 15번째 타이머 도달했습니다.=====
2012-04-04 21:18:17,889 [78] DEBUG Server.LogCoordinator - >더 이상 온라인 멘토가 없군... 그러면 상태를 다시 한번 확인해보자
2012-04-04 21:18:17,889 [78] DEBUG Server.LogCoordinator - =====타이머가 할일이 끝났다. 다음 타이머를 기다리자=====
2012-04-04 21:23:03,502 [88] DEBUG Server.LogCoordinator - =====하루중 16번째 타이머 도달했습니다.=====
2012-04-04 21:23:17,843 [88] DEBUG Server.LogCoordinator - >더 이상 온라인 멘토가 없군... 그러면 상태를 다시 한번 확인해보자
2012-04-04 21:23:17,843 [88] DEBUG Server.LogCoordinator - =====타이머가 할일이 끝났다. 다음 타이머를 기다리자=====
2012-04-04 21:28:03,455 [98] DEBUG Server.LogCoordinator - =====하루중 17번째 타이머 도달했습니다.=====
2012-04-04 21:28:17,797 [98] DEBUG Server.LogCoordinator - >더 이상 온라인 멘토가 없군... 그러면 상태를 다시 한번 확인해보자
2012-04-04 21:28:17,797 [98] DEBUG Server.LogCoordinator - =====타이머가 할일이 끝났다. 다음 타이머를 기다리자=====
2012-04-04 21:33:03,407 [108] DEBUG Server.LogCoordinator - =====하루중 18번째 타이머 도달했습니다.=====
2012-04-04 21:33:17,748 [108] DEBUG Server.LogCoordinator - >더 이상 온라인 멘토가 없군... 그러면 상태를 다시 한번 확인해보자
2012-04-04 21:33:17,748 [108] DEBUG Server.LogCoordinator - =====타이머가 할일이 끝났다. 다음 타이머를 기다리자=====
2012-04-04 21:38:03,357 [118] DEBUG Server.LogCoordinator - =====하루중 19번째 타이머 도달했습니다.=====
2012-04-04 21:38:17,699 [118] DEBUG Server.LogCoordinator - >더 이상 온라인 멘토가 없군... 그러면 상태를 다시 한번 확인해보자
2012-04-04 21:38:17,699 [118] DEBUG Server.LogCoordinator - =====타이머가 할일이 끝났다. 다음 타이머를 기다리자=====
2012-04-04 21:43:03,306 [128] DEBUG Server.LogCoordinator - =====하루중 20번째 타이머 도달했습니다.=====
2012-04-04 21:43:17,648 [128] DEBUG Server.LogCoordinator - >더 이상 온라인 멘토가 없군... 그러면 상태를 다시 한번 확인해보자
2012-04-04 21:43:17,648 [128] DEBUG Server.LogCoordinator - =====타이머가 할일이 끝났다. 다음 타이머를 기다리자=====
2012-04-04 21:48:03,255 [138] DEBUG Server.LogCoordinator - =====하루중 21번째 타이머 도달했습니다.=====
2012-04-04 21:48:17,596 [138] DEBUG Server.LogCoordinator - >더 이상 온라인 멘토가 없군... 그러면 상태를 다시 한번 확인해보자
2012-04-04 21:48:17,596 [138] DEBUG Server.LogCoordinator - =====타이머가 할일이 끝났다. 다음 타이머를 기다리자=====
2012-04-04 21:53:03,201 [148] DEBUG Server.LogCoordinator - =====하루중 22번째 타이머 도달했습니다.=====
2012-04-04 21:53:17,543 [148] DEBUG Server.LogCoordinator - >더 이상 온라인 멘토가 없군... 그러면 상태를 다시 한번 확인해보자
2012-04-04 21:53:17,543 [148] DEBUG Server.LogCoordinator - =====타이머가 할일이 끝났다. 다음 타이머를 기다리자=====
2012-04-04 21:58:03,148 [158] DEBUG Server.LogCoordinator - =====하루중 23번째 타이머 도달했습니다.=====
2012-04-04 21:58:17,489 [158] DEBUG Server.LogCoordinator - >더 이상 온라인 멘토가 없군... 그러면 상태를 다시 한번 확인해보자
2012-04-04 21:58:17,489 [158] DEBUG Server.LogCoordinator - =====타이머가 할일이 끝났다. 다음 타이머를 기다리자=====
2012-04-04 22:03:03,093 [168] DEBUG Server.LogCoordinator - =====하루중 24번째 타이머 도달했습니다.=====
2012-04-04 22:03:17,434 [168] DEBUG Server.LogCoordinator - >더 이상 온라인 멘토가 없군... 그러면 상태를 다시 한번 확인해보자
2012-04-04 22:03:17,434 [168] DEBUG Server.LogCoordinator - =====타이머가 할일이 끝났다. 다음 타이머를 기다리자=====
2012-04-04 22:08:03,037 [178] DEBUG Server.LogCoordinator - =====하루중 25번째 타이머 도달했습니다.=====
2012-04-04 22:08:17,378 [178] DEBUG Server.LogCoordinator - >더 이상 온라인 멘토가 없군... 그러면 상태를 다시 한번 확인해보자
2012-04-04 22:08:17,378 [178] DEBUG Server.LogCoordinator - =====타이머가 할일이 끝났다. 다음 타이머를 기다리자=====
2012-04-04 22:13:02,980 [188] DEBUG Server.LogCoordinator - =====하루중 26번째 타이머 도달했습니다.=====
2012-04-04 22:13:17,321 [188] DEBUG Server.LogCoordinator - >더 이상 온라인 멘토가 없군... 그러면 상태를 다시 한번 확인해보자
2012-04-04 22:13:17,321 [188] DEBUG Server.LogCoordinator - =====타이머가 할일이 끝났다. 다음 타이머를 기다리자=====
2012-04-04 22:18:02,922 [198] DEBUG Server.LogCoordinator - =====하루중 27번째 타이머 도달했습니다.=====
2012-04-04 22:18:17,263 [198] DEBUG Server.LogCoordinator - >더 이상 온라인 멘토가 없군... 그러면 상태를 다시 한번 확인해보자
2012-04-04 22:18:17,263 [198] DEBUG Server.LogCoordinator - =====타이머가 할일이 끝났다. 다음 타이머를 기다리자=====
2012-04-04 22:23:02,865 [208] DEBUG Server.LogCoordinator - =====하루중 28번째 타이머 도달했습니다.=====
2012-04-04 22:23:17,206 [208] DEBUG Server.LogCoordinator - >더 이상 온라인 멘토가 없군... 그러면 상태를 다시 한번 확인해보자
2012-04-04 22:23:17,206 [208] DEBUG Server.LogCoordinator - =====타이머가 할일이 끝났다. 다음 타이머를 기다리자=====
2012-04-04 22:28:02,805 [218] DEBUG Server.LogCoordinator - =====하루중 29번째 타이머 도달했습니다.=====
2012-04-04 22:28:17,146 [218] DEBUG Server.LogCoordinator - >더 이상 온라인 멘토가 없군... 그러면 상태를 다시 한번 확인해보자
2012-04-04 22:28:17,146 [218] DEBUG Server.LogCoordinator - =====타이머가 할일이 끝났다. 다음 타이머를 기다리자=====
2012-04-04 22:33:02,746 [228] DEBUG Server.LogCoordinator - =====하루중 30번째 타이머 도달했습니다.=====
2012-04-04 22:33:17,087 [228] DEBUG Server.LogCoordinator - >더 이상 온라인 멘토가 없군... 그러면 상태를 다시 한번 확인해보자
2012-04-04 22:33:17,087 [228] DEBUG Server.LogCoordinator - =====타이머가 할일이 끝났다. 다음 타이머를 기다리자=====
2012-04-04 22:38:02,685 [238] DEBUG Server.LogCoordinator - =====하루중 31번째 타이머 도달했습니다.=====
2012-04-04 22:38:17,026 [238] DEBUG Server.LogCoordinator - >더 이상 온라인 멘토가 없군... 그러면 상태를 다시 한번 확인해보자
2012-04-04 22:38:17,026 [238] DEBUG Server.LogCoordinator - =====타이머가 할일이 끝났다. 다음 타이머를 기다리자=====
2012-04-04 22:43:02,624 [248] DEBUG Server.LogCoordinator - =====하루중 32번째 타이머 도달했습니다.=====
2012-04-04 22:43:16,965 [248] DEBUG Server.LogCoordinator - >더 이상 온라인 멘토가 없군... 그러면 상태를 다시 한번 확인해보자
2012-04-04 22:43:16,965 [248] DEBUG Server.LogCoordinator - =====타이머가 할일이 끝났다. 다음 타이머를 기다리자=====
2012-04-04 22:48:02,563 [258] DEBUG Server.LogCoordinator - =====하루중 33번째 타이머 도달했습니다.=====
2012-04-04 22:48:16,903 [258] DEBUG Server.LogCoordinator - >더 이상 온라인 멘토가 없군... 그러면 상태를 다시 한번 확인해보자
2012-04-04 22:48:16,903 [258] DEBUG Server.LogCoordinator - =====타이머가 할일이 끝났다. 다음 타이머를 기다리자=====
2012-04-04 22:53:02,500 [268] DEBUG Server.LogCoordinator - =====하루중 34번째 타이머 도달했습니다.=====
2012-04-04 22:53:16,841 [268] DEBUG Server.LogCoordinator - >더 이상 온라인 멘토가 없군... 그러면 상태를 다시 한번 확인해보자
2012-04-04 22:53:16,841 [268] DEBUG Server.LogCoordinator - =====타이머가 할일이 끝났다. 다음 타이머를 기다리자=====
2012-04-04 22:58:02,437 [278] DEBUG Server.LogCoordinator - =====하루중 35번째 타이머 도달했습니다.=====
2012-04-04 22:58:16,778 [278] DEBUG Server.LogCoordinator - >더 이상 온라인 멘토가 없군... 그러면 상태를 다시 한번 확인해보자
2012-04-04 22:58:16,778 [278] DEBUG Server.LogCoordinator - =====타이머가 할일이 끝났다. 다음 타이머를 기다리자=====
2012-04-04 23:03:02,374 [288] DEBUG Server.LogCoordinator - =====하루중 36번째 타이머 도달했습니다.=====
2012-04-04 23:03:16,715 [288] DEBUG Server.LogCoordinator - >더 이상 온라인 멘토가 없군... 그러면 상태를 다시 한번 확인해보자
2012-04-04 23:03:16,715 [288] DEBUG Server.LogCoordinator - =====타이머가 할일이 끝났다. 다음 타이머를 기다리자=====
2012-04-04 23:08:02,310 [298] DEBUG Server.LogCoordinator - =====하루중 37번째 타이머 도달했습니다.=====
2012-04-04 23:08:16,651 [298] DEBUG Server.LogCoordinator - >더 이상 온라인 멘토가 없군... 그러면 상태를 다시 한번 확인해보자
2012-04-04 23:08:16,651 [298] DEBUG Server.LogCoordinator - =====타이머가 할일이 끝났다. 다음 타이머를 기다리자=====
2012-04-04 23:13:02,246 [308] DEBUG Server.LogCoordinator - =====하루중 38번째 타이머 도달했습니다.=====
2012-04-04 23:13:16,587 [308] DEBUG Server.LogCoordinator - >더 이상 온라인 멘토가 없군... 그러면 상태를 다시 한번 확인해보자
2012-04-04 23:13:16,587 [308] DEBUG Server.LogCoordinator - =====타이머가 할일이 끝났다. 다음 타이머를 기다리자=====
2012-04-04 23:18:02,182 [318] DEBUG Server.LogCoordinator - =====하루중 39번째 타이머 도달했습니다.=====
2012-04-04 23:18:16,522 [318] DEBUG Server.LogCoordinator - >더 이상 온라인 멘토가 없군... 그러면 상태를 다시 한번 확인해보자
2012-04-04 23:18:16,522 [318] DEBUG Server.LogCoordinator - =====타이머가 할일이 끝났다. 다음 타이머를 기다리자=====
2012-04-04 23:23:02,116 [328] DEBUG Server.LogCoordinator - =====하루중 40번째 타이머 도달했습니다.=====
2012-04-04 23:23:16,457 [328] DEBUG Server.LogCoordinator - >더 이상 온라인 멘토가 없군... 그러면 상태를 다시 한번 확인해보자
2012-04-04 23:23:16,457 [328] DEBUG Server.LogCoordinator - =====타이머가 할일이 끝났다. 다음 타이머를 기다리자=====
2012-04-04 23:28:02,051 [338] DEBUG Server.LogCoordinator - =====하루중 41번째 타이머 도달했습니다.=====
2012-04-04 23:28:16,392 [338] DEBUG Server.LogCoordinator - >더 이상 온라인 멘토가 없군... 그러면 상태를 다시 한번 확인해보자
2012-04-04 23:28:16,392 [338] DEBUG Server.LogCoordinator - =====타이머가 할일이 끝났다. 다음 타이머를 기다리자=====
2012-04-04 23:33:01,986 [348] DEBUG Server.LogCoordinator - =====하루중 42번째 타이머 도달했습니다.=====
2012-04-04 23:33:16,326 [348] DEBUG Server.LogCoordinator - >더 이상 온라인 멘토가 없군... 그러면 상태를 다시 한번 확인해보자
2012-04-04 23:33:16,326 [348] DEBUG Server.LogCoordinator - =====타이머가 할일이 끝났다. 다음 타이머를 기다리자=====
2012-04-04 23:38:01,920 [358] DEBUG Server.LogCoordinator - =====하루중 43번째 타이머 도달했습니다.=====
2012-04-04 23:38:16,260 [358] DEBUG Server.LogCoordinator - >더 이상 온라인 멘토가 없군... 그러면 상태를 다시 한번 확인해보자
2012-04-04 23:38:16,260 [358] DEBUG Server.LogCoordinator - =====타이머가 할일이 끝났다. 다음 타이머를 기다리자=====
2012-04-04 23:43:01,853 [368] DEBUG Server.LogCoordinator - =====하루중 44번째 타이머 도달했습니다.=====
2012-04-04 23:43:16,193 [368] DEBUG Server.LogCoordinator - >더 이상 온라인 멘토가 없군... 그러면 상태를 다시 한번 확인해보자
2012-04-04 23:43:16,193 [368] DEBUG Server.LogCoordinator - =====타이머가 할일이 끝났다. 다음 타이머를 기다리자=====
2012-04-04 23:48:01,786 [378] DEBUG Server.LogCoordinator - =====하루중 45번째 타이머 도달했습니다.=====
2012-04-04 23:48:16,126 [378] DEBUG Server.LogCoordinator - >더 이상 온라인 멘토가 없군... 그러면 상태를 다시 한번 확인해보자
2012-04-04 23:48:16,126 [378] DEBUG Server.LogCoordinator - =====타이머가 할일이 끝났다. 다음 타이머를 기다리자=====
2012-04-04 23:53:01,718 [388] DEBUG Server.LogCoordinator - =====하루중 46번째 타이머 도달했습니다.=====
2012-04-04 23:53:16,059 [388] DEBUG Server.LogCoordinator - >더 이상 온라인 멘토가 없군... 그러면 상태를 다시 한번 확인해보자
2012-04-04 23:53:16,059 [388] DEBUG Server.LogCoordinator - =====타이머가 할일이 끝났다. 다음 타이머를 기다리자=====
2012-04-04 23:58:01,651 [398] DEBUG Server.LogCoordinator - =====하루중 47번째 타이머 도달했습니다.=====
2012-04-04 23:58:15,992 [398] DEBUG Server.LogCoordinator - >더 이상 온라인 멘토가 없군... 그러면 상태를 다시 한번 확인해보자
2012-04-04 23:58:15,992 [398] DEBUG Server.LogCoordinator - =====타이머가 할일이 끝났다. 다음 타이머를 기다리자=====
